[27Sep2025 00:00:58.817] [Server thread/INFO] [net.minecraft.server.MinecraftServer/]: [Eduardo171: Set the time to 1000]
[27Sep2025 00:01:55.543] [Server thread/INFO] [net.minecraft.server.MinecraftServer/]: [Not Secure] <abi3mael> como odio a los putos mosquitos
[27Sep2025 00:02:39.668] [Server thread/INFO] [net.minecraft.server.players.PlayerList/]: elikernomamahuev[/127.66.26.144:47895] logged in with entity id 109906 at (-4323.300000011921, 62.76636799395752, 62.46609018004557)
[27Sep2025 00:02:39.692] [Server thread/INFO] [net.minecraft.server.MinecraftServer/]: elikernomamahuev joined the game
[27Sep2025 00:02:39.698] [Server thread/INFO] [Jade/]: Syncing config to elikernomamahuev (7e25e690-4f60-3c78-b7bc-fb82071b91d5)
[27Sep2025 00:06:41.858] [Server thread/INFO] [net.minecraft.server.MinecraftServer/]: [Not Secure] <elikernomamahuev> NIGGA
[27Sep2025 00:06:42.804] [Server thread/INFO] [net.minecraft.server.MinecraftServer/]: [Not Secure] <elikernomamahuev> NIGGA
[27Sep2025 00:06:43.908] [Server thread/INFO] [net.minecraft.server.MinecraftServer/]: [Not Secure] <elikernomamahuev> NIGGA
[27Sep2025 00:06:47.470] [Server thread/INFO] [net.minecraft.server.MinecraftServer/]: [Not Secure] <elikernomamahuev> sisis
[27Sep2025 00:06:51.002] [Server thread/INFO] [net.minecraft.server.MinecraftServer/]: [Not Secure] <abi3mael> cayate pe
[27Sep2025 00:06:59.151] [Server thread/INFO] [net.minecraft.server.MinecraftServer/]: [Not Secure] <elikernomamahuev> ;v
[27Sep2025 00:08:50.651] [Server thread/INFO] [net.minecraft.server.MinecraftServer/]: elikernomamahuev has made the advancement [Tip of the Spear]
[27Sep2025 00:08:51.150] [Server thread/INFO] [net.minecraft.server.MinecraftServer/]: [Not Secure] <abi3mael> en que capa salen los escombros de netherite?
[27Sep2025 00:09:38.951] [Server thread/INFO] [net.minecraft.server.MinecraftServer/]: [Not Secure] <elikernomamahuev> metete a lvc abi
[27Sep2025 00:09:41.350] [Server thread/INFO] [net.minecraft.server.MinecraftServer/]: [Not Secure] <elikernomamahuev> estamos todos
[27Sep2025 00:09:42.909] [Server thread/INFO] [net.minecraft.server.MinecraftServer/]: [Not Secure] <abi3mael> ahorita
[27Sep2025 00:12:34.909] [Server thread/INFO] [net.minecraft.server.MinecraftServer/]: elikernomamahuev has made the advancement [The Heart and the Flame]
[27Sep2025 00:12:56.469] [Server thread/INFO] [net.minecraft.server.MinecraftServer/]: [Not Secure] <elikernomamahuev> ya estoy en mi casa
[27Sep2025 00:14:42.362] [Server thread/WARN] [net.minecraft.server.network.ServerGamePacketListenerImpl/]: Fire Dragon (vehicle of abi3mael) moved wrongly! 0.43857732789817305
[27Sep2025 00:14:42.457] [Server thread/WARN] [net.minecraft.server.network.ServerGamePacketListenerImpl/]: Fire Dragon (vehicle of abi3mael) moved wrongly! 1.0253152783492112
[27Sep2025 00:14:45.824] [Server thread/INFO] [net.minecraft.server.MinecraftServer/]: [Eduardo171: Set the time to 1000]
[27Sep2025 00:16:33.555] [Server thread/WARN] [net.minecraft.server.network.ServerGamePacketListenerImpl/]: Fire Dragon (vehicle of abi3mael) moved wrongly! 0.2583959879360691
[27Sep2025 00:16:33.605] [Server thread/WARN] [net.minecraft.server.network.ServerGamePacketListenerImpl/]: Fire Dragon (vehicle of abi3mael) moved wrongly! 1.0338398686270622
[27Sep2025 00:17:58.397] [Server thread/INFO] [net.minecraft.server.MinecraftServer/]: elikernomamahuev has made the advancement [Forged in Flame]
[27Sep2025 00:18:05.497] [Server thread/INFO] [net.minecraft.server.MinecraftServer/]: [Not Secure] <elikernomamahuev> uff
[27Sep2025 00:18:06.760] [Server thread/INFO] [net.minecraft.server.MinecraftServer/]: [Not Secure] <elikernomamahuev> que rico
[27Sep2025 00:19:17.465] [Server thread/INFO] [net.minecraft.server.MinecraftServer/]: [Eduardo171: Set own game mode to Creative Mode]
